mode: set
bigtable/internal/record/record.go:20.56,27.2 1 0
bigtable/internal/record/record.go:29.52,36.2 1 1
bigtable/internal/record/record.go:40.42,51.17 8 1
bigtable/internal/record/record.go:51.17,53.3 1 1
bigtable/internal/record/record.go:53.8,55.3 1 1
bigtable/internal/record/record.go:57.2,60.17 3 1
bigtable/internal/record/record.go:63.42,64.20 1 1
bigtable/internal/record/record.go:64.20,66.3 1 0
bigtable/internal/record/record.go:68.2,74.27 6 1
bigtable/internal/record/record.go:74.27,76.3 1 0
bigtable/internal/record/record.go:78.2,89.8 5 1
bigtable/internal/memtable/memtable.go:15.22,19.2 1 1
bigtable/internal/memtable/memtable.go:21.43,28.46 5 1
bigtable/internal/memtable/memtable.go:28.46,30.3 1 0
bigtable/internal/memtable/memtable.go:32.2,32.19 1 1
bigtable/internal/memtable/memtable.go:35.46,42.46 5 1
bigtable/internal/memtable/memtable.go:42.46,44.3 1 0
bigtable/internal/memtable/memtable.go:46.2,46.19 1 1
bigtable/internal/memtable/memtable.go:49.58,54.9 4 1
bigtable/internal/memtable/memtable.go:54.9,56.3 1 0
bigtable/internal/memtable/memtable.go:58.2,58.19 1 1
bigtable/internal/memtable/memtable.go:58.19,60.3 1 1
bigtable/internal/memtable/memtable.go:62.2,62.32 1 1
bigtable/internal/memtable/memtable.go:62.32,64.3 1 0
bigtable/internal/memtable/memtable.go:66.2,66.18 1 1
bigtable/internal/memtable/memtable.go:69.56,74.27 4 0
bigtable/internal/memtable/memtable.go:74.27,76.3 1 0
bigtable/internal/memtable/memtable.go:77.2,77.12 1 0
bigtable/internal/memtable/memtable.go:80.31,84.2 3 0
bigtable/internal/bloom/filter.go:14.46,15.18 1 1
bigtable/internal/bloom/filter.go:15.18,17.3 1 0
bigtable/internal/bloom/filter.go:18.2,18.20 1 1
bigtable/internal/bloom/filter.go:18.20,20.3 1 0
bigtable/internal/bloom/filter.go:21.2,25.3 1 1
bigtable/internal/bloom/filter.go:28.39,31.18 2 1
bigtable/internal/bloom/filter.go:31.18,33.22 2 1
bigtable/internal/bloom/filter.go:33.22,35.4 1 1
bigtable/internal/bloom/filter.go:37.2,37.25 1 1
bigtable/internal/bloom/filter.go:40.34,43.13 2 1
bigtable/internal/bloom/filter.go:43.13,45.3 1 0
bigtable/internal/bloom/filter.go:47.2,47.43 1 1
bigtable/internal/bloom/filter.go:47.43,52.3 4 1
bigtable/internal/bloom/filter.go:55.48,56.53 1 1
bigtable/internal/bloom/filter.go:56.53,58.3 1 0
bigtable/internal/bloom/filter.go:60.2,61.13 2 1
bigtable/internal/bloom/filter.go:61.13,63.3 1 0
bigtable/internal/bloom/filter.go:65.2,65.43 1 1
bigtable/internal/bloom/filter.go:65.43,69.39 4 1
bigtable/internal/bloom/filter.go:69.39,71.4 1 0
bigtable/internal/bloom/filter.go:73.2,73.13 1 1
bigtable/internal/bloom/filter.go:76.41,82.2 5 0
bigtable/internal/bloom/filter.go:84.51,85.19 1 0
bigtable/internal/bloom/filter.go:85.19,87.3 1 0
bigtable/internal/bloom/filter.go:89.2,94.37 5 0
bigtable/internal/bloom/filter.go:94.37,96.3 1 0
bigtable/internal/bloom/filter.go:98.2,102.9 1 0
bigtable/internal/bloom/filter.go:105.44,115.15 7 1
bigtable/internal/bloom/filter.go:115.15,117.3 1 0
bigtable/internal/bloom/filter.go:118.2,118.19 1 1
bigtable/internal/sstable/format.go:55.30,56.14 1 0
bigtable/internal/sstable/format.go:56.14,58.3 1 0
bigtable/internal/sstable/format.go:59.2,59.15 1 0
bigtable/internal/sstable/format.go:62.31,63.14 1 0
bigtable/internal/sstable/format.go:63.14,65.3 1 0
bigtable/internal/sstable/format.go:66.2,66.16 1 0
bigtable/internal/sstable/format.go:69.34,70.14 1 0
bigtable/internal/sstable/format.go:70.14,72.3 1 0
bigtable/internal/sstable/format.go:73.2,73.14 1 0
bigtable/internal/sstable/format.go:76.30,77.29 1 1
bigtable/internal/sstable/format.go:77.29,79.3 1 0
bigtable/internal/sstable/format.go:80.2,82.12 3 1
bigtable/internal/sstable/format.go:85.59,88.104 2 1
bigtable/internal/sstable/format.go:88.104,90.22 2 1
bigtable/internal/sstable/format.go:90.22,92.4 1 0
bigtable/internal/sstable/format.go:94.3,98.17 4 1
bigtable/internal/sstable/format.go:98.17,100.4 1 0
bigtable/internal/sstable/format.go:101.3,102.17 2 1
bigtable/internal/sstable/format.go:102.17,104.4 1 0
bigtable/internal/sstable/format.go:106.3,106.36 1 1
bigtable/internal/sstable/format.go:110.2,110.72 1 0
bigtable/internal/sstable/format.go:110.72,113.17 3 0
bigtable/internal/sstable/format.go:113.17,115.4 1 0
bigtable/internal/sstable/format.go:116.3,116.22 1 0
bigtable/internal/sstable/format.go:119.2,119.20 1 0
bigtable/internal/sstable/format.go:122.39,124.12 2 1
bigtable/internal/sstable/format.go:124.12,126.3 1 1
bigtable/internal/sstable/format.go:127.2,127.13 1 0
bigtable/internal/sstable/reader.go:16.39,18.16 2 1
bigtable/internal/sstable/reader.go:18.16,20.3 1 0
bigtable/internal/sstable/reader.go:22.2,23.9 2 1
bigtable/internal/sstable/reader.go:23.9,26.3 2 0
bigtable/internal/sstable/reader.go:28.2,29.16 2 1
bigtable/internal/sstable/reader.go:29.16,32.3 2 0
bigtable/internal/sstable/reader.go:34.2,35.9 2 1
bigtable/internal/sstable/reader.go:36.36,39.17 3 1
bigtable/internal/sstable/reader.go:39.17,42.4 2 0
bigtable/internal/sstable/reader.go:44.3,45.29 2 1
bigtable/internal/sstable/reader.go:45.29,55.4 1 1
bigtable/internal/sstable/reader.go:55.9,58.18 3 0
bigtable/internal/sstable/reader.go:58.18,61.5 2 0
bigtable/internal/sstable/reader.go:62.4,62.60 1 0
bigtable/internal/sstable/reader.go:62.60,65.5 2 0
bigtable/internal/sstable/reader.go:66.4,72.5 1 0
bigtable/internal/sstable/reader.go:74.10,76.31 2 0
bigtable/internal/sstable/reader.go:79.2,80.16 2 1
bigtable/internal/sstable/reader.go:80.16,83.3 2 0
bigtable/internal/sstable/reader.go:85.2,86.85 2 1
bigtable/internal/sstable/reader.go:86.85,88.17 2 1
bigtable/internal/sstable/reader.go:88.17,91.4 2 0
bigtable/internal/sstable/reader.go:94.2,102.8 1 1
bigtable/internal/sstable/reader.go:105.61,106.29 1 1
bigtable/internal/sstable/reader.go:106.29,108.3 1 0
bigtable/internal/sstable/reader.go:110.2,110.50 1 1
bigtable/internal/sstable/reader.go:110.50,112.3 1 0
bigtable/internal/sstable/reader.go:114.2,116.30 3 1
bigtable/internal/sstable/reader.go:116.30,118.3 1 1
bigtable/internal/sstable/reader.go:120.2,120.22 1 1
bigtable/internal/sstable/reader.go:120.22,121.53 1 1
bigtable/internal/sstable/reader.go:121.53,123.4 1 1
bigtable/internal/sstable/reader.go:125.3,126.21 2 1
bigtable/internal/sstable/reader.go:126.21,128.34 2 1
bigtable/internal/sstable/reader.go:128.34,130.5 1 1
bigtable/internal/sstable/reader.go:131.9,134.4 2 0
bigtable/internal/sstable/reader.go:137.2,138.25 2 1
bigtable/internal/sstable/reader.go:138.25,140.17 2 1
bigtable/internal/sstable/reader.go:140.17,142.4 1 1
bigtable/internal/sstable/reader.go:144.3,145.15 2 0
bigtable/internal/sstable/reader.go:145.15,146.21 1 0
bigtable/internal/sstable/reader.go:146.21,148.5 1 0
bigtable/internal/sstable/reader.go:149.4,149.25 1 0
bigtable/internal/sstable/reader.go:151.3,151.14 1 0
bigtable/internal/sstable/reader.go:151.14,153.4 1 0
bigtable/internal/sstable/reader.go:155.3,155.22 1 0
bigtable/internal/sstable/reader.go:158.2,158.36 1 0
bigtable/internal/sstable/reader.go:161.47,162.29 1 0
bigtable/internal/sstable/reader.go:162.29,164.3 1 0
bigtable/internal/sstable/reader.go:166.2,169.30 4 0
bigtable/internal/sstable/reader.go:169.30,171.3 1 0
bigtable/internal/sstable/reader.go:173.2,173.21 1 0
bigtable/internal/sstable/reader.go:173.21,175.17 2 0
bigtable/internal/sstable/reader.go:175.17,176.21 1 0
bigtable/internal/sstable/reader.go:176.21,177.10 1 0
bigtable/internal/sstable/reader.go:179.4,179.19 1 0
bigtable/internal/sstable/reader.go:182.3,183.22 2 0
bigtable/internal/sstable/reader.go:186.2,186.21 1 0
bigtable/internal/sstable/reader.go:189.67,193.16 3 1
bigtable/internal/sstable/reader.go:193.16,195.3 1 0
bigtable/internal/sstable/reader.go:197.2,198.9 2 1
bigtable/internal/sstable/reader.go:198.9,200.3 1 0
bigtable/internal/sstable/reader.go:202.2,202.20 1 1
bigtable/internal/sstable/reader.go:205.72,206.28 1 1
bigtable/internal/sstable/reader.go:206.28,208.3 1 0
bigtable/internal/sstable/reader.go:210.2,213.49 3 1
bigtable/internal/sstable/reader.go:213.49,216.17 3 1
bigtable/internal/sstable/reader.go:216.17,218.4 1 0
bigtable/internal/sstable/reader.go:219.3,224.17 5 1
bigtable/internal/sstable/reader.go:224.17,226.4 1 0
bigtable/internal/sstable/reader.go:227.3,231.17 4 1
bigtable/internal/sstable/reader.go:231.17,233.4 1 0
bigtable/internal/sstable/reader.go:234.3,239.5 2 1
bigtable/internal/sstable/reader.go:242.2,242.19 1 1
bigtable/internal/sstable/reader.go:245.92,246.22 1 1
bigtable/internal/sstable/reader.go:246.22,248.3 1 0
bigtable/internal/sstable/reader.go:250.2,252.16 3 1
bigtable/internal/sstable/reader.go:252.16,254.3 1 0
bigtable/internal/sstable/reader.go:256.2,261.12 5 1
bigtable/internal/sstable/reader.go:261.12,263.3 1 1
bigtable/internal/sstable/reader.go:264.2,264.26 1 1
bigtable/internal/sstable/reader.go:264.26,266.3 1 0
bigtable/internal/sstable/reader.go:268.2,270.16 3 1
bigtable/internal/sstable/reader.go:270.16,272.3 1 0
bigtable/internal/sstable/reader.go:274.2,274.12 1 1
bigtable/internal/sstable/reader.go:274.12,277.17 3 1
bigtable/internal/sstable/reader.go:277.17,279.4 1 0
bigtable/internal/sstable/reader.go:281.3,283.18 3 1
bigtable/internal/sstable/reader.go:283.18,285.4 1 1
bigtable/internal/sstable/reader.go:288.2,289.16 2 0
bigtable/internal/sstable/reader.go:289.16,291.3 1 0
bigtable/internal/sstable/reader.go:293.2,293.33 1 0
bigtable/internal/sstable/writer.go:15.89,16.20 1 1
bigtable/internal/sstable/writer.go:16.20,18.3 1 0
bigtable/internal/sstable/writer.go:20.2,23.16 3 1
bigtable/internal/sstable/writer.go:23.16,25.3 1 0
bigtable/internal/sstable/writer.go:27.2,28.26 2 1
bigtable/internal/sstable/writer.go:28.26,30.3 1 1
bigtable/internal/sstable/writer.go:31.2,37.25 3 1
bigtable/internal/sstable/writer.go:37.25,41.17 3 1
bigtable/internal/sstable/writer.go:41.17,45.4 3 0
bigtable/internal/sstable/writer.go:47.3,47.23 1 1
bigtable/internal/sstable/writer.go:47.23,53.4 2 1
bigtable/internal/sstable/writer.go:55.3,56.17 2 1
bigtable/internal/sstable/writer.go:56.17,60.4 3 0
bigtable/internal/sstable/writer.go:62.3,68.49 5 1
bigtable/internal/sstable/writer.go:68.49,72.4 3 0
bigtable/internal/sstable/writer.go:73.3,73.47 1 1
bigtable/internal/sstable/writer.go:73.47,77.4 3 0
bigtable/internal/sstable/writer.go:78.3,78.49 1 1
bigtable/internal/sstable/writer.go:78.49,82.4 3 0
bigtable/internal/sstable/writer.go:85.2,86.25 2 1
bigtable/internal/sstable/writer.go:86.25,88.3 1 1
bigtable/internal/sstable/writer.go:90.2,91.16 2 1
bigtable/internal/sstable/writer.go:91.16,95.3 3 0
bigtable/internal/sstable/writer.go:97.2,98.49 2 1
bigtable/internal/sstable/writer.go:98.49,102.3 3 0
bigtable/internal/sstable/writer.go:104.2,105.16 2 1
bigtable/internal/sstable/writer.go:105.16,109.3 3 0
bigtable/internal/sstable/writer.go:111.2,111.37 1 1
bigtable/internal/sstable/writer.go:111.37,118.52 5 1
bigtable/internal/sstable/writer.go:118.52,122.4 3 0
bigtable/internal/sstable/writer.go:123.3,123.49 1 1
bigtable/internal/sstable/writer.go:123.49,127.4 3 0
bigtable/internal/sstable/writer.go:128.3,128.52 1 1
bigtable/internal/sstable/writer.go:128.52,132.4 3 0
bigtable/internal/sstable/writer.go:135.2,144.45 9 1
bigtable/internal/sstable/writer.go:144.45,148.3 3 0
bigtable/internal/sstable/writer.go:150.2,150.33 1 1
bigtable/internal/sstable/writer.go:150.33,154.3 3 0
bigtable/internal/sstable/writer.go:156.2,156.34 1 1
bigtable/internal/sstable/writer.go:156.34,159.3 2 0
bigtable/internal/sstable/writer.go:161.2,161.49 1 1
bigtable/internal/sstable/writer.go:161.49,164.3 2 0
bigtable/internal/sstable/writer.go:166.2,166.12 1 1
bigtable/internal/sstable/writer.go:169.47,170.20 1 1
bigtable/internal/sstable/writer.go:170.20,172.17 2 1
bigtable/internal/sstable/writer.go:172.17,174.4 1 0
bigtable/internal/sstable/writer.go:175.3,175.18 1 1
bigtable/internal/sstable/writer.go:177.2,177.12 1 1
bigtable/internal/wal/wal.go:28.38,30.15 2 1
bigtable/internal/wal/wal.go:30.15,32.3 1 0
bigtable/internal/wal/wal.go:34.2,34.48 1 1
bigtable/internal/wal/wal.go:34.48,36.3 1 0
bigtable/internal/wal/wal.go:38.2,39.16 2 1
bigtable/internal/wal/wal.go:39.16,41.3 1 0
bigtable/internal/wal/wal.go:43.2,44.16 2 1
bigtable/internal/wal/wal.go:44.16,46.3 1 0
bigtable/internal/wal/wal.go:48.2,53.8 1 1
bigtable/internal/wal/wal.go:56.47,58.16 2 1
bigtable/internal/wal/wal.go:58.16,60.3 1 0
bigtable/internal/wal/wal.go:62.2,70.19 7 1
bigtable/internal/wal/wal.go:70.19,72.3 1 0
bigtable/internal/wal/wal.go:74.2,75.16 2 1
bigtable/internal/wal/wal.go:75.16,77.3 1 0
bigtable/internal/wal/wal.go:78.2,78.21 1 1
bigtable/internal/wal/wal.go:78.21,80.3 1 0
bigtable/internal/wal/wal.go:82.2,82.38 1 1
bigtable/internal/wal/wal.go:82.38,84.3 1 0
bigtable/internal/wal/wal.go:86.2,86.12 1 1
bigtable/internal/wal/wal.go:89.40,93.19 3 0
bigtable/internal/wal/wal.go:93.19,95.3 1 0
bigtable/internal/wal/wal.go:97.2,97.38 1 0
bigtable/internal/wal/wal.go:97.38,99.3 1 0
bigtable/internal/wal/wal.go:100.2,100.39 1 0
bigtable/internal/wal/wal.go:100.39,102.3 1 0
bigtable/internal/wal/wal.go:104.2,107.62 3 0
bigtable/internal/wal/wal.go:107.62,109.23 2 0
bigtable/internal/wal/wal.go:109.23,111.4 1 0
bigtable/internal/wal/wal.go:112.3,112.58 1 0
bigtable/internal/wal/wal.go:115.2,116.16 2 0
bigtable/internal/wal/wal.go:116.16,118.3 1 0
bigtable/internal/wal/wal.go:120.2,121.26 2 0
bigtable/internal/wal/wal.go:124.58,126.2 1 1
bigtable/internal/wal/wal.go:128.61,130.16 2 1
bigtable/internal/wal/wal.go:130.16,132.3 1 0
bigtable/internal/wal/wal.go:134.2,134.29 1 1
bigtable/internal/wal/wal.go:134.29,135.46 1 1
bigtable/internal/wal/wal.go:135.46,137.4 1 1
bigtable/internal/wal/wal.go:139.2,139.12 1 0
bigtable/internal/wal/wal.go:142.29,146.19 3 1
bigtable/internal/wal/wal.go:146.19,148.3 1 0
bigtable/internal/wal/wal.go:150.2,152.12 3 1
bigtable/internal/wal/wal.go:155.46,161.2 5 0
bigtable/internal/wal/wal.go:163.48,165.16 2 1
bigtable/internal/wal/wal.go:165.16,167.3 1 0
bigtable/internal/wal/wal.go:169.2,177.28 4 1
bigtable/internal/wal/wal.go:177.28,178.16 1 1
bigtable/internal/wal/wal.go:178.16,179.12 1 0
bigtable/internal/wal/wal.go:182.3,183.25 2 1
bigtable/internal/wal/wal.go:183.25,184.12 1 1
bigtable/internal/wal/wal.go:187.3,188.10 2 0
bigtable/internal/wal/wal.go:188.10,189.12 1 0
bigtable/internal/wal/wal.go:192.3,195.5 1 0
bigtable/internal/wal/wal.go:198.2,198.43 1 1
bigtable/internal/wal/wal.go:198.43,200.3 1 0
bigtable/internal/wal/wal.go:202.2,203.29 2 1
bigtable/internal/wal/wal.go:203.29,205.3 1 0
bigtable/internal/wal/wal.go:207.2,207.49 1 1
bigtable/internal/wal/wal.go:207.49,209.3 1 1
bigtable/internal/wal/wal.go:211.2,211.19 1 1
bigtable/internal/wal/wal.go:214.65,216.16 2 1
bigtable/internal/wal/wal.go:216.16,218.3 1 0
bigtable/internal/wal/wal.go:220.2,221.28 2 1
bigtable/internal/wal/wal.go:221.28,222.16 1 1
bigtable/internal/wal/wal.go:222.16,223.12 1 0
bigtable/internal/wal/wal.go:225.3,226.10 2 1
bigtable/internal/wal/wal.go:226.10,227.12 1 1
bigtable/internal/wal/wal.go:229.3,229.19 1 0
bigtable/internal/wal/wal.go:229.19,231.4 1 0
bigtable/internal/wal/wal.go:234.2,234.24 1 1
bigtable/internal/wal/wal.go:237.63,242.71 4 1
bigtable/internal/wal/wal.go:242.71,244.3 1 1
bigtable/internal/wal/wal.go:246.2,248.16 3 0
bigtable/internal/wal/wal.go:248.16,250.3 1 0
bigtable/internal/wal/wal.go:252.2,252.18 1 0
bigtable/internal/wal/wal.go:255.66,257.16 2 1
bigtable/internal/wal/wal.go:257.16,259.3 1 0
bigtable/internal/wal/wal.go:260.2,262.6 2 1
bigtable/internal/wal/wal.go:262.6,265.17 3 1
bigtable/internal/wal/wal.go:265.17,266.51 1 1
bigtable/internal/wal/wal.go:266.51,268.5 1 1
bigtable/internal/wal/wal.go:269.4,269.49 1 0
bigtable/internal/wal/wal.go:272.3,276.22 4 1
bigtable/internal/wal/wal.go:276.22,278.4 1 0
bigtable/internal/wal/wal.go:280.3,282.17 3 1
bigtable/internal/wal/wal.go:282.17,283.51 1 0
bigtable/internal/wal/wal.go:283.51,285.5 1 0
bigtable/internal/wal/wal.go:286.4,286.50 1 0
bigtable/internal/wal/wal.go:289.3,289.13 1 1
bigtable/internal/wal/wal.go:289.13,292.18 3 1
bigtable/internal/wal/wal.go:292.18,293.52 1 0
bigtable/internal/wal/wal.go:293.52,295.6 1 0
bigtable/internal/wal/wal.go:296.5,296.47 1 0
bigtable/internal/wal/wal.go:299.4,301.19 3 1
bigtable/internal/wal/wal.go:301.19,303.5 1 1
bigtable/internal/wal/wal.go:306.3,307.17 2 1
bigtable/internal/wal/wal.go:307.17,309.4 1 0
bigtable/internal/wal/wal.go:311.3,311.33 1 1
bigtable/internal/wal/wal.go:311.33,313.4 1 0
bigtable/internal/api/server.go:35.39,44.2 4 1
bigtable/internal/api/server.go:46.41,48.2 1 1
bigtable/internal/api/server.go:50.27,54.2 3 1
bigtable/internal/api/server.go:56.70,59.2 2 1
bigtable/internal/api/server.go:61.72,62.33 1 1
bigtable/internal/api/server.go:62.33,65.3 2 0
bigtable/internal/api/server.go:67.2,68.61 2 1
bigtable/internal/api/server.go:68.61,71.3 2 0
bigtable/internal/api/server.go:73.2,74.16 2 1
bigtable/internal/api/server.go:75.13,76.57 1 1
bigtable/internal/api/server.go:77.13,78.44 1 0
bigtable/internal/api/server.go:79.16,80.41 1 0
bigtable/internal/api/server.go:81.17,82.27 1 0
bigtable/internal/api/server.go:83.10,85.9 2 0
bigtable/internal/api/server.go:88.2,88.16 1 1
bigtable/internal/api/server.go:88.16,91.3 2 0
bigtable/internal/api/server.go:93.2,94.66 2 1
bigtable/internal/api/server.go:97.71,99.9 2 0
bigtable/internal/api/server.go:99.9,102.3 2 0
bigtable/internal/api/server.go:104.2,114.15 8 0
bigtable/internal/api/server.go:114.15,119.3 4 0
bigtable/internal/api/server.go:121.2,123.6 2 0
bigtable/internal/api/server.go:123.6,124.10 1 0
bigtable/internal/api/server.go:125.23,126.42 1 0
bigtable/internal/api/server.go:126.42,128.5 1 0
bigtable/internal/api/server.go:129.4,129.19 1 0
bigtable/internal/api/server.go:130.17,131.10 1 0
bigtable/internal/api/server.go:136.30,137.36 1 1
bigtable/internal/api/server.go:137.36,139.26 2 1
bigtable/internal/api/server.go:139.26,140.11 1 0
bigtable/internal/api/server.go:141.18,141.18 0 0
bigtable/internal/api/server.go:142.12,142.12 0 0
bigtable/internal/api/server.go:145.3,145.21 1 1
bigtable/internal/api/server.go:149.64,151.16 2 0
bigtable/internal/api/server.go:151.16,153.3 1 0
bigtable/internal/api/server.go:154.2,155.12 2 0
bigtable/internal/db/db.go:52.47,54.2 1 0
bigtable/internal/db/db.go:56.45,57.21 1 0
bigtable/internal/db/db.go:57.21,59.3 1 0
bigtable/internal/db/db.go:60.2,60.28 1 0
bigtable/internal/db/db.go:63.43,64.35 1 1
bigtable/internal/db/db.go:64.35,66.3 1 0
bigtable/internal/db/db.go:67.2,67.9 1 1
bigtable/internal/db/db.go:68.23,68.23 0 1
bigtable/internal/db/db.go:69.10,69.10 0 1
bigtable/internal/db/db.go:73.37,74.21 1 1
bigtable/internal/db/db.go:74.21,76.3 1 0
bigtable/internal/db/db.go:79.2,79.22 1 1
bigtable/internal/db/db.go:79.22,81.3 1 1
bigtable/internal/db/db.go:81.8,83.3 1 0
bigtable/internal/db/db.go:86.2,90.36 3 1
bigtable/internal/db/db.go:90.36,92.3 1 1
bigtable/internal/db/db.go:94.2,96.40 2 1
bigtable/internal/db/db.go:99.38,100.24 1 1
bigtable/internal/db/db.go:100.24,102.3 1 0
bigtable/internal/db/db.go:104.2,104.57 1 1
bigtable/internal/db/db.go:104.57,106.3 1 0
bigtable/internal/db/db.go:108.2,109.51 2 1
bigtable/internal/db/db.go:109.51,111.3 1 0
bigtable/internal/db/db.go:113.2,115.16 3 1
bigtable/internal/db/db.go:115.16,117.3 1 0
bigtable/internal/db/db.go:119.2,129.69 3 1
bigtable/internal/db/db.go:129.69,132.3 2 0
bigtable/internal/db/db.go:133.2,143.16 4 1
bigtable/internal/db/db.go:143.16,146.3 2 0
bigtable/internal/db/db.go:147.2,151.49 4 1
bigtable/internal/db/db.go:151.49,154.3 2 0
bigtable/internal/db/db.go:156.2,156.16 1 1
bigtable/internal/db/db.go:159.44,167.43 5 1
bigtable/internal/db/db.go:167.43,169.3 1 0
bigtable/internal/db/db.go:171.2,185.84 5 1
bigtable/internal/db/db.go:185.84,186.49 1 1
bigtable/internal/db/db.go:186.49,188.4 1 0
bigtable/internal/db/db.go:191.2,191.12 1 1
bigtable/internal/db/db.go:194.40,202.43 5 1
bigtable/internal/db/db.go:202.43,204.3 1 0
bigtable/internal/db/db.go:206.2,219.84 5 1
bigtable/internal/db/db.go:219.84,220.49 1 1
bigtable/internal/db/db.go:220.49,222.4 1 0
bigtable/internal/db/db.go:225.2,225.12 1 1
bigtable/internal/db/db.go:228.42,232.16 3 1
bigtable/internal/db/db.go:232.16,234.3 1 0
bigtable/internal/db/db.go:236.2,254.12 11 1
bigtable/internal/db/db.go:257.112,261.44 3 1
bigtable/internal/db/db.go:261.44,263.21 2 1
bigtable/internal/db/db.go:263.21,268.14 4 1
bigtable/internal/db/db.go:268.14,270.5 1 1
bigtable/internal/db/db.go:272.4,274.24 2 1
bigtable/internal/db/db.go:274.24,279.72 3 1
bigtable/internal/db/db.go:279.72,286.6 1 0
bigtable/internal/db/db.go:288.5,288.26 1 1
bigtable/internal/db/db.go:291.4,300.10 4 1
bigtable/internal/db/db.go:302.3,302.61 1 0
bigtable/internal/db/db.go:305.2,305.74 1 0
bigtable/internal/db/db.go:308.57,310.16 2 1
bigtable/internal/db/db.go:310.16,313.3 2 0
bigtable/internal/db/db.go:315.2,318.53 4 1
bigtable/internal/db/db.go:318.53,320.3 1 1
bigtable/internal/db/db.go:321.2,325.33 4 1
bigtable/internal/db/db.go:325.33,326.20 1 1
bigtable/internal/db/db.go:326.20,328.4 1 1
bigtable/internal/db/db.go:330.2,333.26 3 1
bigtable/internal/db/db.go:336.53,343.36 5 1
bigtable/internal/db/db.go:343.36,344.20 1 1
bigtable/internal/db/db.go:344.20,354.4 3 0
bigtable/internal/db/db.go:356.3,368.26 5 1
bigtable/internal/db/db.go:371.2,376.40 5 1
bigtable/internal/db/db.go:376.40,378.9 2 1
bigtable/internal/db/db.go:378.9,379.21 1 1
bigtable/internal/db/db.go:379.21,389.5 3 0
bigtable/internal/db/db.go:391.4,403.27 5 1
bigtable/internal/db/db.go:407.2,411.33 4 1
bigtable/internal/db/db.go:411.33,413.3 1 1
bigtable/internal/db/db.go:414.2,414.41 1 1
bigtable/internal/db/db.go:414.41,414.73 1 1
bigtable/internal/db/db.go:416.2,416.31 1 1
bigtable/internal/db/db.go:416.31,419.17 2 1
bigtable/internal/db/db.go:419.17,420.41 1 1
bigtable/internal/db/db.go:420.41,422.19 2 1
bigtable/internal/db/db.go:422.19,424.6 1 0
bigtable/internal/db/db.go:426.5,426.11 1 1
bigtable/internal/db/db.go:426.11,427.23 1 1
bigtable/internal/db/db.go:427.23,437.7 3 0
bigtable/internal/db/db.go:439.6,451.29 5 1
bigtable/internal/db/db.go:454.4,454.12 1 1
bigtable/internal/db/db.go:457.3,457.35 1 1
bigtable/internal/db/db.go:457.35,459.18 2 1
bigtable/internal/db/db.go:459.18,461.5 1 0
bigtable/internal/db/db.go:463.4,463.10 1 1
bigtable/internal/db/db.go:463.10,464.22 1 1
bigtable/internal/db/db.go:464.22,474.6 3 1
bigtable/internal/db/db.go:476.5,488.28 5 1
bigtable/internal/db/db.go:493.2,502.24 3 1
bigtable/internal/db/db.go:505.31,509.6 3 1
bigtable/internal/db/db.go:509.6,511.10 2 1
bigtable/internal/db/db.go:511.10,513.4 1 1
bigtable/internal/db/db.go:514.3,514.48 1 1
bigtable/internal/db/db.go:514.48,516.4 1 0
bigtable/internal/db/db.go:520.52,527.33 5 1
bigtable/internal/db/db.go:527.33,529.3 1 1
bigtable/internal/db/db.go:530.2,530.41 1 1
bigtable/internal/db/db.go:530.41,530.73 1 1
bigtable/internal/db/db.go:532.2,532.31 1 1
bigtable/internal/db/db.go:532.31,533.40 1 1
bigtable/internal/db/db.go:533.40,535.4 1 1
bigtable/internal/db/db.go:538.2,538.17 1 1
bigtable/internal/db/db.go:541.48,546.40 4 1
bigtable/internal/db/db.go:546.40,548.3 1 0
bigtable/internal/db/db.go:550.2,551.26 2 1
bigtable/internal/db/db.go:551.26,553.3 1 1
bigtable/internal/db/db.go:555.2,562.81 6 1
bigtable/internal/db/db.go:562.81,564.3 1 0
bigtable/internal/db/db.go:566.2,567.16 2 1
bigtable/internal/db/db.go:567.16,569.3 1 0
bigtable/internal/db/db.go:571.2,575.29 4 1
bigtable/internal/db/db.go:575.29,577.3 1 1
bigtable/internal/db/db.go:579.2,581.28 3 1
bigtable/internal/db/db.go:581.28,582.32 1 1
bigtable/internal/db/db.go:582.32,584.4 1 1
bigtable/internal/db/db.go:586.2,589.55 3 1
bigtable/internal/db/db.go:589.55,592.3 1 1
bigtable/internal/db/db.go:594.2,598.26 3 1
bigtable/internal/db/db.go:598.26,599.25 1 1
bigtable/internal/db/db.go:599.25,603.4 3 1
bigtable/internal/db/db.go:606.2,614.12 3 1
bigtable/internal/db/db.go:617.38,618.40 1 1
bigtable/internal/db/db.go:618.40,620.3 1 0
bigtable/internal/db/db.go:621.2,621.38 1 1
bigtable/internal/db/db.go:624.90,626.9 2 1
bigtable/internal/db/db.go:626.9,628.3 1 1
bigtable/internal/db/db.go:629.2,629.18 1 1
bigtable/internal/db/db.go:632.29,635.15 2 1
bigtable/internal/db/db.go:635.15,638.3 2 0
bigtable/internal/db/db.go:640.2,647.33 5 1
bigtable/internal/db/db.go:647.33,648.40 1 1
bigtable/internal/db/db.go:648.40,649.16 1 1
bigtable/internal/db/db.go:649.16,651.5 1 1
bigtable/internal/db/db.go:653.3,653.27 1 1
bigtable/internal/db/db.go:655.2,657.19 2 1
bigtable/internal/db/db.go:657.19,659.3 1 1
bigtable/internal/db/db.go:661.2,661.12 1 0
bigtable/internal/db/db.go:664.60,667.2 2 1
bigtable/internal/db/db.go:669.79,671.16 2 1
bigtable/internal/db/db.go:671.16,673.3 1 0
bigtable/internal/db/db.go:675.2,679.28 4 1
bigtable/internal/db/db.go:679.28,680.16 1 1
bigtable/internal/db/db.go:680.16,681.12 1 0
bigtable/internal/db/db.go:684.3,686.17 3 1
bigtable/internal/db/db.go:686.17,687.29 1 0
bigtable/internal/db/db.go:687.29,689.5 1 0
bigtable/internal/db/db.go:690.4,690.63 1 0
bigtable/internal/db/db.go:693.3,695.31 3 1
bigtable/internal/db/db.go:695.31,697.4 1 1
bigtable/internal/db/db.go:700.2,700.27 1 1
bigtable/internal/db/db.go:700.27,701.48 1 1
bigtable/internal/db/db.go:701.48,703.4 1 1
bigtable/internal/db/db.go:706.2,706.27 1 1
bigtable/internal/db/db.go:709.34,712.39 2 1
bigtable/internal/db/db.go:712.39,715.3 2 1
bigtable/internal/db/db.go:717.2,722.12 4 1
bigtable/internal/db/db.go:722.12,730.3 5 1
bigtable/internal/db/db.go:733.31,736.2 2 1
bigtable/internal/db/options.go:15.31,25.2 1 1
bigtable/internal/db/wal_gc.go:14.42,16.2 1 1
bigtable/internal/db/wal_gc.go:18.51,20.16 2 1
bigtable/internal/db/wal_gc.go:20.16,21.25 1 1
bigtable/internal/db/wal_gc.go:21.25,23.4 1 1
bigtable/internal/db/wal_gc.go:24.3,24.55 1 0
bigtable/internal/db/wal_gc.go:27.2,28.15 2 1
bigtable/internal/db/wal_gc.go:28.15,30.3 1 0
bigtable/internal/db/wal_gc.go:32.2,33.16 2 1
bigtable/internal/db/wal_gc.go:33.16,35.3 1 0
bigtable/internal/db/wal_gc.go:36.2,36.15 1 1
bigtable/internal/db/wal_gc.go:39.51,41.86 2 1
bigtable/internal/db/wal_gc.go:41.86,43.3 1 0
bigtable/internal/db/wal_gc.go:44.2,44.63 1 1
bigtable/internal/db/wal_gc.go:44.63,47.3 2 0
bigtable/internal/db/wal_gc.go:48.2,48.12 1 1
bigtable/internal/db/wal_gc.go:51.57,53.9 2 1
bigtable/internal/db/wal_gc.go:53.9,55.3 1 0
bigtable/internal/db/wal_gc.go:57.2,58.16 2 1
bigtable/internal/db/wal_gc.go:58.16,61.3 2 0
bigtable/internal/db/wal_gc.go:62.2,62.20 1 1
bigtable/internal/db/wal_gc.go:62.20,64.3 1 1
bigtable/internal/db/wal_gc.go:66.2,66.50 1 1
bigtable/internal/db/wal_gc.go:66.50,68.3 1 0
bigtable/internal/db/wal_gc.go:71.43,73.16 2 1
bigtable/internal/db/wal_gc.go:73.16,75.3 1 0
bigtable/internal/db/wal_gc.go:76.2,76.21 1 1
bigtable/internal/db/wal_gc.go:76.21,78.3 1 1
bigtable/internal/db/wal_gc.go:80.2,81.16 2 1
bigtable/internal/db/wal_gc.go:81.16,83.3 1 0
bigtable/internal/db/wal_gc.go:85.2,87.28 2 1
bigtable/internal/db/wal_gc.go:87.28,88.16 1 1
bigtable/internal/db/wal_gc.go:88.16,89.12 1 1
bigtable/internal/db/wal_gc.go:91.3,93.10 3 1
bigtable/internal/db/wal_gc.go:93.10,94.12 1 1
bigtable/internal/db/wal_gc.go:96.3,96.24 1 0
bigtable/internal/db/wal_gc.go:96.24,98.4 1 0
bigtable/internal/db/wal_gc.go:101.2,101.12 1 1
bigtable/internal/db/wal_gc.go:104.65,109.71 4 1
bigtable/internal/db/wal_gc.go:109.71,111.3 1 1
bigtable/internal/db/wal_gc.go:113.2,115.16 3 1
bigtable/internal/db/wal_gc.go:115.16,117.3 1 0
bigtable/internal/db/wal_gc.go:118.2,118.18 1 1
bigtable/internal/recovery/recovery.go:9.63,10.51 1 0
bigtable/internal/recovery/recovery.go:10.51,11.20 1 0
bigtable/internal/recovery/recovery.go:11.20,14.4 2 0
bigtable/internal/recovery/recovery.go:15.3,16.13 2 0
bigtable/internal/compaction/compaction.go:10.65,11.21 1 0
bigtable/internal/compaction/compaction.go:11.21,13.3 1 0
bigtable/internal/compaction/compaction.go:15.2,17.29 2 0
bigtable/internal/compaction/compaction.go:17.29,19.17 2 0
bigtable/internal/compaction/compaction.go:19.17,21.4 1 0
bigtable/internal/compaction/compaction.go:23.3,25.17 3 0
bigtable/internal/compaction/compaction.go:25.17,27.4 1 0
bigtable/internal/compaction/compaction.go:28.3,28.22 1 0
bigtable/internal/compaction/compaction.go:28.22,30.4 1 0
bigtable/internal/compaction/compaction.go:32.3,32.31 1 0
bigtable/internal/compaction/compaction.go:32.31,35.49 3 0
bigtable/internal/compaction/compaction.go:35.49,37.5 1 0
bigtable/internal/compaction/compaction.go:41.2,43.29 2 0
bigtable/internal/compaction/compaction.go:43.29,45.3 1 0
bigtable/internal/compaction/compaction.go:47.2,47.76 1 0
bigtable/internal/compaction/compaction.go:47.76,49.3 1 0
bigtable/internal/compaction/compaction.go:51.2,51.12 1 0
bigtable/cmd/db/main.go:14.13,31.12 14 0
bigtable/cmd/db/main.go:31.12,34.13 2 0
bigtable/cmd/db/main.go:34.13,36.72 2 0
bigtable/cmd/db/main.go:36.72,38.5 1 0
bigtable/cmd/db/main.go:41.3,41.23 1 0
bigtable/cmd/db/main.go:41.23,42.14 1 0
bigtable/cmd/db/main.go:42.14,44.64 2 0
bigtable/cmd/db/main.go:44.64,46.6 1 0
bigtable/cmd/db/main.go:50.3,51.10 2 0
bigtable/cmd/db/main.go:54.2,54.16 1 0
bigtable/cmd/db/main.go:54.16,56.3 1 0
bigtable/cmd/db/main.go:58.2,58.15 1 0
bigtable/cmd/db/main.go:58.15,59.42 1 0
bigtable/cmd/db/main.go:59.42,61.4 1 0
bigtable/cmd/db/main.go:64.2,64.22 1 0
bigtable/cmd/db/main.go:64.22,65.13 1 0
bigtable/cmd/db/main.go:65.13,68.63 2 0
bigtable/cmd/db/main.go:68.63,70.5 1 0
bigtable/cmd/db/main.go:74.2,74.19 1 0
bigtable/cmd/db/main.go:74.19,75.72 1 0
bigtable/cmd/db/main.go:75.72,77.4 1 0
bigtable/cmd/db/main.go:78.3,78.24 1 0
bigtable/cmd/db/main.go:81.2,81.19 1 0
bigtable/cmd/db/main.go:81.19,82.56 1 0
bigtable/cmd/db/main.go:82.56,84.4 1 0
bigtable/cmd/db/main.go:85.3,85.27 1 0
bigtable/cmd/db/main.go:88.2,88.19 1 0
bigtable/cmd/db/main.go:88.19,90.17 2 0
bigtable/cmd/db/main.go:90.17,92.4 1 0
bigtable/cmd/db/main.go:94.3,94.10 1 0
bigtable/cmd/db/main.go:94.10,96.4 1 0
bigtable/cmd/db/main.go:96.9,98.4 1 0
bigtable/cmd/db/main.go:101.2,101.14 1 0
bigtable/cmd/db/main.go:101.14,102.42 1 0
bigtable/cmd/db/main.go:102.42,104.4 1 0
bigtable/cmd/db/main.go:105.3,105.31 1 0
bigtable/cmd/db/main.go:109.2,109.22 1 0
bigtable/cmd/db/main.go:109.22,112.10 2 0
bigtable/internal/telemetry/stats.go:16.37,27.2 1 0
